#
# There is insufficient memory for the Java Runtime Environment to continue.
# Native memory allocation (mmap) failed to map 65536 bytes for Failed to commit metaspace.
# Possible reasons:
#   The system is out of physical RAM or swap space
#   The process is running with CompressedOops enabled, and the Java Heap may be blocking the growth of the native heap
# Possible solutions:
#   Reduce memory load on the system
#   Increase physical memory or swap space
#   Check if swap backing store is full
#   Decrease Java heap size (-Xmx/-Xms)
#   Decrease number of Java threads
#   Decrease Java thread stack sizes (-Xss)
#   Set larger code cache with -XX:ReservedCodeCacheSize=
#   JVM is running with Unscaled Compressed Oops mode in which the Java heap is
#     placed in the first 4GB address space. The Java Heap base address is the
#     maximum limit for the native heap growth. Please use -XX:HeapBaseMinAddress
#     to set the Java Heap base and to place the Java Heap above 4GB virtual address.
# This output file may be truncated or incomplete.
#
#  Out of Memory Error (virtualSpaceNode.cpp:110), pid=7448, tid=12320
#
# JRE version: Java(TM) SE Runtime Environment (19.0.1+10) (build 19.0.1+10-21)
# Java VM: Java HotSpot(TM) 64-Bit Server VM (19.0.1+10-21, mixed mode, sharing, tiered, compressed oops, compressed class ptrs, g1 gc, windows-amd64)
# No core dump will be written. Minidumps are not enabled by default on client versions of Windows
#

---------------  S U M M A R Y ------------

Command Line: -Dfile.encoding=UTF-8 -XX:+ShowCodeDetailsInExceptionMessages views.RegistroHuesped

Host: Intel(R) Celeron(R) N4500 @ 1.10GHz, 2 cores, 3G,  Windows 10 , 64 bit Build 19041 (10.0.19041.2364)
Time: Sat Dec 17 17:33:02 2022 Hora estándar de Argentina elapsed time: 2.265176 seconds (0d 0h 0m 2s)

---------------  T H R E A D  ---------------

Current thread (0x0000027434f7c440):  JavaThread "C3P0PooledConnectionPoolManager[identityToken->1hge13bat9diop4rmwuh|68e55d96]-HelperThread-#0" daemon [_thread_in_vm, id=12320, stack(0x0000007f67b00000,0x0000007f67c00000)]

Stack: [0x0000007f67b00000,0x0000007f67c00000]
Native frames: (J=compiled Java code, j=interpreted, Vv=VM code, C=native code)
V  [jvm.dll+0x6ee8fa]
V  [jvm.dll+0x857a1e]
V  [jvm.dll+0x85940e]
V  [jvm.dll+0x859ac3]
V  [jvm.dll+0x28291f]
V  [jvm.dll+0x85369b]
V  [jvm.dll+0x693276]
V  [jvm.dll+0x6932da]
V  [jvm.dll+0x695bd3]
V  [jvm.dll+0x695a9e]
V  [jvm.dll+0x693c9e]
V  [jvm.dll+0x26f4e1]
V  [jvm.dll+0x21e927]
V  [jvm.dll+0x214571]
V  [jvm.dll+0x5aa2d6]
V  [jvm.dll+0x22567a]
V  [jvm.dll+0x7ccb72]
V  [jvm.dll+0x7cdfba]
V  [jvm.dll+0x7ce2e8]
V  [jvm.dll+0x271d6b]
V  [jvm.dll+0x3da3de]
C  0x00000274238ed104

Java frames: (J=compiled Java code, j=interpreted, Vv=VM code)
j  sun.security.ssl.SSLConfiguration.getSSLParameters()Ljavax/net/ssl/SSLParameters;+0 java.base@19.0.1
j  sun.security.ssl.SSLSocketImpl.getSSLParameters()Ljavax/net/ssl/SSLParameters;+14 java.base@19.0.1
j  sun.security.ssl.AbstractTrustManagerWrapper.checkAdditionalTrust([Ljava/security/cert/X509Certificate;Ljava/lang/String;Ljava/net/Socket;Z)V+48 java.base@19.0.1
j  sun.security.ssl.AbstractTrustManagerWrapper.checkServerTrusted([Ljava/security/cert/X509Certificate;Ljava/lang/String;Ljava/net/Socket;)V+16 java.base@19.0.1
j  sun.security.ssl.CertificateMessage$T12CertificateConsumer.checkServerCerts(Lsun/security/ssl/ClientHandshakeContext;[Ljava/security/cert/X509Certificate;)V+133 java.base@19.0.1
j  sun.security.ssl.CertificateMessage$T12CertificateConsumer.onCertificate(Lsun/security/ssl/ClientHandshakeContext;Lsun/security/ssl/CertificateMessage$T12CertificateMessage;)V+217 java.base@19.0.1
j  sun.security.ssl.CertificateMessage$T12CertificateConsumer.consume(Lsun/security/ssl/ConnectionContext;Ljava/nio/ByteBuffer;)V+78 java.base@19.0.1
j  sun.security.ssl.SSLHandshake.consume(Lsun/security/ssl/ConnectionContext;Ljava/nio/ByteBuffer;)V+13 java.base@19.0.1
j  sun.security.ssl.HandshakeContext.dispatch(BLjava/nio/ByteBuffer;)V+73 java.base@19.0.1
j  sun.security.ssl.HandshakeContext.dispatch(BLsun/security/ssl/Plaintext;)V+191 java.base@19.0.1
j  sun.security.ssl.TransportContext.dispatch(Lsun/security/ssl/Plaintext;)V+257 java.base@19.0.1
j  sun.security.ssl.SSLTransport.decode(Lsun/security/ssl/TransportContext;[Ljava/nio/ByteBuffer;II[Ljava/nio/ByteBuffer;II)Lsun/security/ssl/Plaintext;+281 java.base@19.0.1
j  sun.security.ssl.SSLSocketImpl.decode(Ljava/nio/ByteBuffer;)Lsun/security/ssl/Plaintext;+14 java.base@19.0.1
j  sun.security.ssl.SSLSocketImpl.readHandshakeRecord()I+12 java.base@19.0.1
j  sun.security.ssl.SSLSocketImpl.startHandshake(Z)V+122 java.base@19.0.1
j  sun.security.ssl.SSLSocketImpl.startHandshake()V+2 java.base@19.0.1
j  com.mysql.cj.protocol.ExportControlled.performTlsHandshake(Ljava/net/Socket;Lcom/mysql/cj/protocol/SocketConnection;Lcom/mysql/cj/ServerVersion;)Ljava/net/Socket;+246
j  com.mysql.cj.protocol.StandardSocketFactory.performTlsHandshake(Lcom/mysql/cj/protocol/SocketConnection;Lcom/mysql/cj/protocol/ServerSession;)Ljava/io/Closeable;+20
j  com.mysql.cj.protocol.a.NativeSocketConnection.performTlsHandshake(Lcom/mysql/cj/protocol/ServerSession;)V+7
j  com.mysql.cj.protocol.a.NativeProtocol.negotiateSSLConnection(I)V+141
j  com.mysql.cj.protocol.a.NativeAuthenticationProvider.negotiateSSLConnection(I)V+5
j  com.mysql.cj.protocol.a.NativeAuthenticationProvider.proceedHandshakeWithPluggableAuthentication(Lcom/mysql/cj/protocol/ServerSession;Ljava/lang/String;Ljava/lang/String;Ljava/lang/String;Lcom/mysql/cj/protocol/a/NativePacketPayload;)V+353
j  com.mysql.cj.protocol.a.NativeAuthenticationProvider.connect(Lcom/mysql/cj/protocol/ServerSession;Ljava/lang/String;Ljava/lang/String;Ljava/lang/String;)V+600
j  com.mysql.cj.protocol.a.NativeProtocol.connect(Ljava/lang/String;Ljava/lang/String;Ljava/lang/String;)V+15
j  com.mysql.cj.NativeSession.connect(Lcom/mysql/cj/conf/HostInfo;Ljava/lang/String;Ljava/lang/String;Ljava/lang/String;ILcom/mysql/cj/TransactionEventHandler;)V+110
j  com.mysql.cj.jdbc.ConnectionImpl.connectOneTryOnly(Z)V+35
j  com.mysql.cj.jdbc.ConnectionImpl.createNewIO(Z)V+27
j  com.mysql.cj.jdbc.ConnectionImpl.<init>(Lcom/mysql/cj/conf/HostInfo;)V+778
j  com.mysql.cj.jdbc.ConnectionImpl.getInstance(Lcom/mysql/cj/conf/HostInfo;)Lcom/mysql/cj/jdbc/JdbcConnection;+5
j  com.mysql.cj.jdbc.NonRegisteringDriver.connect(Ljava/lang/String;Ljava/util/Properties;)Ljava/sql/Connection;+60
j  com.mchange.v2.c3p0.DriverManagerDataSource.getConnection(Ljava/lang/String;Ljava/lang/String;)Ljava/sql/Connection;+18
j  com.mchange.v2.c3p0.WrapperConnectionPoolDataSource.getPooledConnection(Ljava/lang/String;Ljava/lang/String;Lcom/mchange/v2/c3p0/ConnectionCustomizer;Ljava/lang/String;)Ljavax/sql/PooledConnection;+28
j  com.mchange.v2.c3p0.WrapperConnectionPoolDataSource.getPooledConnection(Ljava/lang/String;Ljava/lang/String;)Ljavax/sql/PooledConnection;+5
j  com.mchange.v2.c3p0.impl.C3P0PooledConnectionPool$1PooledConnectionResourcePoolManager.acquireResource()Ljava/lang/Object;+50
j  com.mchange.v2.resourcepool.BasicResourcePool.doAcquire(I)V+25
j  com.mchange.v2.resourcepool.BasicResourcePool.doAcquireAndDecrementPendingAcquiresWithinLockOnSuccess()V+2
j  com.mchange.v2.resourcepool.BasicResourcePool.access$700(Lcom/mchange/v2/resourcepool/BasicResourcePool;)V+1
j  com.mchange.v2.resourcepool.BasicResourcePool$ScatteredAcquireTask.run()V+52
j  com.mchange.v2.async.ThreadPoolAsynchronousRunner$PoolThread.run()V+138
v  ~StubRoutines::call_stub 0x00000274238c1016

---------------  P R O C E S S  ---------------

Threads class SMR info:
_java_thread_list=0x0000027434f62f70, length=21, elements={
0x00000274144ec610, 0x000002742f77ff70, 0x000002742f781680, 0x000002742f781fb0,
0x000002742f7828e0, 0x000002742f783210, 0x000002742f788810, 0x000002742f7fdfe0,
0x000002742f822d20, 0x0000027433c86770, 0x0000027433c88530, 0x0000027433eb7e20,
0x0000027433eb9cf0, 0x0000027433ebc240, 0x0000027433ec8720, 0x000002741441a1b0,
0x0000027433f63020, 0x0000027434f7c440, 0x0000027434f7c980, 0x0000027434b16b20,
0x0000027434b18060
}

Java Threads: ( => current thread )
  0x00000274144ec610 JavaThread "Reference Handler" daemon [_thread_blocked, id=12096, stack(0x0000007f66900000,0x0000007f66a00000)]
  0x000002742f77ff70 JavaThread "Finalizer" daemon [_thread_blocked, id=1712, stack(0x0000007f66a00000,0x0000007f66b00000)]
  0x000002742f781680 JavaThread "Signal Dispatcher" daemon [_thread_blocked, id=4256, stack(0x0000007f66b00000,0x0000007f66c00000)]
  0x000002742f781fb0 JavaThread "Attach Listener" daemon [_thread_blocked, id=10436, stack(0x0000007f66c00000,0x0000007f66d00000)]
  0x000002742f7828e0 JavaThread "Service Thread" daemon [_thread_blocked, id=1636, stack(0x0000007f66d00000,0x0000007f66e00000)]
  0x000002742f783210 JavaThread "Monitor Deflation Thread" daemon [_thread_blocked, id=10556, stack(0x0000007f66e00000,0x0000007f66f00000)]
  0x000002742f788810 JavaThread "C2 CompilerThread0" daemon [_thread_blocked, id=7012, stack(0x0000007f66f00000,0x0000007f67000000)]
  0x000002742f7fdfe0 JavaThread "C1 CompilerThread0" daemon [_thread_blocked, id=11488, stack(0x0000007f67000000,0x0000007f67100000)]
  0x000002742f822d20 JavaThread "Sweeper thread" daemon [_thread_blocked, id=11904, stack(0x0000007f67100000,0x0000007f67200000)]
  0x0000027433c86770 JavaThread "Notification Thread" daemon [_thread_blocked, id=13036, stack(0x0000007f67200000,0x0000007f67300000)]
  0x0000027433c88530 JavaThread "Common-Cleaner" daemon [_thread_blocked, id=5480, stack(0x0000007f67400000,0x0000007f67500000)]
  0x0000027433eb7e20 JavaThread "Java2D Disposer" daemon [_thread_blocked, id=8900, stack(0x0000007f67500000,0x0000007f67600000)]
  0x0000027433eb9cf0 JavaThread "AWT-Shutdown" [_thread_blocked, id=7912, stack(0x0000007f67600000,0x0000007f67700000)]
  0x0000027433ebc240 JavaThread "AWT-Windows" daemon [_thread_in_native, id=12192, stack(0x0000007f67700000,0x0000007f67800000)]
  0x0000027433ec8720 JavaThread "AWT-EventQueue-0" [_thread_blocked, id=7496, stack(0x0000007f67800000,0x0000007f67900000)]
  0x000002741441a1b0 JavaThread "DestroyJavaVM" [_thread_blocked, id=9612, stack(0x0000007f66200000,0x0000007f66300000)]
  0x0000027433f63020 JavaThread "C3P0PooledConnectionPoolManager[identityToken->1hge13bat9diop4rmwuh|68e55d96]-AdminTaskTimer" daemon [_thread_blocked, id=6548, stack(0x0000007f67900000,0x0000007f67a00000)]
=>0x0000027434f7c440 JavaThread "C3P0PooledConnectionPoolManager[identityToken->1hge13bat9diop4rmwuh|68e55d96]-HelperThread-#0" daemon [_thread_in_vm, id=12320, stack(0x0000007f67b00000,0x0000007f67c00000)]
  0x0000027434f7c980 JavaThread "C3P0PooledConnectionPoolManager[identityToken->1hge13bat9diop4rmwuh|68e55d96]-HelperThread-#1" daemon [_thread_in_vm, id=5152, stack(0x0000007f67c00000,0x0000007f67d00000)]
  0x0000027434b16b20 JavaThread "C3P0PooledConnectionPoolManager[identityToken->1hge13bat9diop4rmwuh|68e55d96]-HelperThread-#2" daemon [_thread_blocked, id=12468, stack(0x0000007f67d00000,0x0000007f67e00000)]
  0x0000027434b18060 JavaThread "mysql-cj-abandoned-connection-cleanup" daemon [_thread_blocked, id=2916, stack(0x0000007f67e00000,0x0000007f67f00000)]

Other Threads:
  0x00000274144d1bc0 VMThread "VM Thread" [stack: 0x0000007f66800000,0x0000007f66900000] [id=4880]
  0x0000027433c870c0 WatcherThread "VM Periodic Task Thread" [stack: 0x0000007f67300000,0x0000007f67400000] [id=1464]
  0x0000027414459a90 WorkerThread "GC Thread#0" [stack: 0x0000007f66300000,0x0000007f66400000] [id=7588]
  0x0000027433f96bc0 WorkerThread "GC Thread#1" [stack: 0x0000007f67a00000,0x0000007f67b00000] [id=824]
  0x00000274144624f0 ConcurrentGCThread "G1 Main Marker" [stack: 0x0000007f66400000,0x0000007f66500000] [id=8824]
  0x0000027414463860 WorkerThread "G1 Conc#0" [stack: 0x0000007f66500000,0x0000007f66600000] [id=12512]
  0x00000274144adf70 ConcurrentGCThread "G1 Refine#0" [stack: 0x0000007f66600000,0x0000007f66700000] [id=1176]
  0x00000274144af3f0 ConcurrentGCThread "G1 Service" [stack: 0x0000007f66700000,0x0000007f66800000] [id=8584]

Threads with active compile tasks:

VM state: not at safepoint (normal execution)

VM Mutex/Monitor currently owned by a thread:  ([mutex/lock_event])
[0x0000027414413730] Metaspace_lock - owner thread: 0x0000027434f7c440

Heap address: 0x00000000c2800000, size: 984 MB, Compressed Oops mode: 32-bit

CDS archive(s) mapped at: [0x0000000800000000-0x0000000800c40000-0x0000000800c40000), size 12845056, SharedBaseAddress: 0x0000000800000000, ArchiveRelocationMode: 0.
Compressed class space mapped at: 0x0000000801000000-0x0000000841000000, reserved size: 1073741824
Narrow klass base: 0x0000000800000000, Narrow klass shift: 0, Narrow klass range: 0x100000000

GC Precious Log:
 CardTable entry size: 512
 Card Set container configuration: InlinePtr #cards 5 size 8 Array Of Cards #cards 12 size 40 Howl #buckets 4 coarsen threshold 1843 Howl Bitmap #cards 512 size 80 coarsen threshold 460 Card regions per heap region 1 cards per card region 2048
 CPUs: 2 total, 2 available
 Memory: 3933M
 Large Page Support: Disabled
 NUMA Support: Disabled
 Compressed Oops: Enabled (32-bit)
 Heap Region Size: 1M
 Heap Min Capacity: 8M
 Heap Initial Capacity: 62M
 Heap Max Capacity: 984M
 Pre-touch: Disabled
 Parallel Workers: 2
 Concurrent Workers: 1
 Concurrent Refinement Workers: 2
 Periodic GC: Disabled

Heap:
 garbage-first heap   total 63488K, used 12768K [0x00000000c2800000, 0x0000000100000000)
  region size 1024K, 12 young (12288K), 2 survivors (2048K)
 Metaspace       used 16515K, committed 16704K, reserved 1114112K
  class space    used 1746K, committed 1856K, reserved 1048576K

Heap Regions: E=young(eden), S=young(survivor), O=old, HS=humongous(starts), HC=humongous(continues), CS=collection set, F=free, OA=open archive, CA=closed archive, TAMS=top-at-mark-start (previous, next)
|   0|0x00000000c2800000, 0x00000000c2900000, 0x00000000c2900000|100%| O|  |TAMS 0x00000000c2800000, 0x00000000c2800000| Untracked 
|   1|0x00000000c2900000, 0x00000000c2a00000, 0x00000000c2a00000|100%| O|  |TAMS 0x00000000c2900000, 0x00000000c2900000| Untracked 
|   2|0x00000000c2a00000, 0x00000000c2a78000, 0x00000000c2b00000| 46%| O|  |TAMS 0x00000000c2a00000, 0x00000000c2a00000| Untracked 
|   3|0x00000000c2b00000, 0x00000000c2b00000, 0x00000000c2c00000|  0%| F|  |TAMS 0x00000000c2b00000, 0x00000000c2b00000| Untracked 
|   4|0x00000000c2c00000, 0x00000000c2c00000, 0x00000000c2d00000|  0%| F|  |TAMS 0x00000000c2c00000, 0x00000000c2c00000| Untracked 
|   5|0x00000000c2d00000, 0x00000000c2d00000, 0x00000000c2e00000|  0%| F|  |TAMS 0x00000000c2d00000, 0x00000000c2d00000| Untracked 
|   6|0x00000000c2e00000, 0x00000000c2e00000, 0x00000000c2f00000|  0%| F|  |TAMS 0x00000000c2e00000, 0x00000000c2e00000| Untracked 
|   7|0x00000000c2f00000, 0x00000000c2f00000, 0x00000000c3000000|  0%| F|  |TAMS 0x00000000c2f00000, 0x00000000c2f00000| Untracked 
|   8|0x00000000c3000000, 0x00000000c3000000, 0x00000000c3100000|  0%| F|  |TAMS 0x00000000c3000000, 0x00000000c3000000| Untracked 
|   9|0x00000000c3100000, 0x00000000c3100000, 0x00000000c3200000|  0%| F|  |TAMS 0x00000000c3100000, 0x00000000c3100000| Untracked 
|  10|0x00000000c3200000, 0x00000000c3200000, 0x00000000c3300000|  0%| F|  |TAMS 0x00000000c3200000, 0x00000000c3200000| Untracked 
|  11|0x00000000c3300000, 0x00000000c3300000, 0x00000000c3400000|  0%| F|  |TAMS 0x00000000c3300000, 0x00000000c3300000| Untracked 
|  12|0x00000000c3400000, 0x00000000c3400000, 0x00000000c3500000|  0%| F|  |TAMS 0x00000000c3400000, 0x00000000c3400000| Untracked 
|  13|0x00000000c3500000, 0x00000000c3500000, 0x00000000c3600000|  0%| F|  |TAMS 0x00000000c3500000, 0x00000000c3500000| Untracked 
|  14|0x00000000c3600000, 0x00000000c3600000, 0x00000000c3700000|  0%| F|  |TAMS 0x00000000c3600000, 0x00000000c3600000| Untracked 
|  15|0x00000000c3700000, 0x00000000c3700000, 0x00000000c3800000|  0%| F|  |TAMS 0x00000000c3700000, 0x00000000c3700000| Untracked 
|  16|0x00000000c3800000, 0x00000000c3800000, 0x00000000c3900000|  0%| F|  |TAMS 0x00000000c3800000, 0x00000000c3800000| Untracked 
|  17|0x00000000c3900000, 0x00000000c3900000, 0x00000000c3a00000|  0%| F|  |TAMS 0x00000000c3900000, 0x00000000c3900000| Untracked 
|  18|0x00000000c3a00000, 0x00000000c3a00000, 0x00000000c3b00000|  0%| F|  |TAMS 0x00000000c3a00000, 0x00000000c3a00000| Untracked 
|  19|0x00000000c3b00000, 0x00000000c3b00000, 0x00000000c3c00000|  0%| F|  |TAMS 0x00000000c3b00000, 0x00000000c3b00000| Untracked 
|  20|0x00000000c3c00000, 0x00000000c3c00000, 0x00000000c3d00000|  0%| F|  |TAMS 0x00000000c3c00000, 0x00000000c3c00000| Untracked 
|  21|0x00000000c3d00000, 0x00000000c3d00000, 0x00000000c3e00000|  0%| F|  |TAMS 0x00000000c3d00000, 0x00000000c3d00000| Untracked 
|  22|0x00000000c3e00000, 0x00000000c3e00000, 0x00000000c3f00000|  0%| F|  |TAMS 0x00000000c3e00000, 0x00000000c3e00000| Untracked 
|  23|0x00000000c3f00000, 0x00000000c3f00000, 0x00000000c4000000|  0%| F|  |TAMS 0x00000000c3f00000, 0x00000000c3f00000| Untracked 
|  24|0x00000000c4000000, 0x00000000c4000000, 0x00000000c4100000|  0%| F|  |TAMS 0x00000000c4000000, 0x00000000c4000000| Untracked 
|  25|0x00000000c4100000, 0x00000000c4100000, 0x00000000c4200000|  0%| F|  |TAMS 0x00000000c4100000, 0x00000000c4100000| Untracked 
|  26|0x00000000c4200000, 0x00000000c4200000, 0x00000000c4300000|  0%| F|  |TAMS 0x00000000c4200000, 0x00000000c4200000| Untracked 
|  27|0x00000000c4300000, 0x00000000c4300000, 0x00000000c4400000|  0%| F|  |TAMS 0x00000000c4300000, 0x00000000c4300000| Untracked 
|  28|0x00000000c4400000, 0x00000000c4400000, 0x00000000c4500000|  0%| F|  |TAMS 0x00000000c4400000, 0x00000000c4400000| Untracked 
|  29|0x00000000c4500000, 0x00000000c4500000, 0x00000000c4600000|  0%| F|  |TAMS 0x00000000c4500000, 0x00000000c4500000| Untracked 
|  30|0x00000000c4600000, 0x00000000c4600000, 0x00000000c4700000|  0%| F|  |TAMS 0x00000000c4600000, 0x00000000c4600000| Untracked 
|  31|0x00000000c4700000, 0x00000000c4700000, 0x00000000c4800000|  0%| F|  |TAMS 0x00000000c4700000, 0x00000000c4700000| Untracked 
|  32|0x00000000c4800000, 0x00000000c4800000, 0x00000000c4900000|  0%| F|  |TAMS 0x00000000c4800000, 0x00000000c4800000| Untracked 
|  33|0x00000000c4900000, 0x00000000c4900000, 0x00000000c4a00000|  0%| F|  |TAMS 0x00000000c4900000, 0x00000000c4900000| Untracked 
|  34|0x00000000c4a00000, 0x00000000c4a00000, 0x00000000c4b00000|  0%| F|  |TAMS 0x00000000c4a00000, 0x00000000c4a00000| Untracked 
|  35|0x00000000c4b00000, 0x00000000c4b00000, 0x00000000c4c00000|  0%| F|  |TAMS 0x00000000c4b00000, 0x00000000c4b00000| Untracked 
|  36|0x00000000c4c00000, 0x00000000c4c00000, 0x00000000c4d00000|  0%| F|  |TAMS 0x00000000c4c00000, 0x00000000c4c00000| Untracked 
|  37|0x00000000c4d00000, 0x00000000c4d00000, 0x00000000c4e00000|  0%| F|  |TAMS 0x00000000c4d00000, 0x00000000c4d00000| Untracked 
|  38|0x00000000c4e00000, 0x00000000c4e00000, 0x00000000c4f00000|  0%| F|  |TAMS 0x00000000c4e00000, 0x00000000c4e00000| Untracked 
|  39|0x00000000c4f00000, 0x00000000c4f00000, 0x00000000c5000000|  0%| F|  |TAMS 0x00000000c4f00000, 0x00000000c4f00000| Untracked 
|  40|0x00000000c5000000, 0x00000000c5000000, 0x00000000c5100000|  0%| F|  |TAMS 0x00000000c5000000, 0x00000000c5000000| Untracked 
|  41|0x00000000c5100000, 0x00000000c5100000, 0x00000000c5200000|  0%| F|  |TAMS 0x00000000c5100000, 0x00000000c5100000| Untracked 
|  42|0x00000000c5200000, 0x00000000c5200000, 0x00000000c5300000|  0%| F|  |TAMS 0x00000000c5200000, 0x00000000c5200000| Untracked 
|  43|0x00000000c5300000, 0x00000000c5300000, 0x00000000c5400000|  0%| F|  |TAMS 0x00000000c5300000, 0x00000000c5300000| Untracked 
|  44|0x00000000c5400000, 0x00000000c5400000, 0x00000000c5500000|  0%| F|  |TAMS 0x00000000c5400000, 0x00000000c5400000| Untracked 
|  45|0x00000000c5500000, 0x00000000c5500000, 0x00000000c5600000|  0%| F|  |TAMS 0x00000000c5500000, 0x00000000c5500000| Untracked 
|  46|0x00000000c5600000, 0x00000000c5600000, 0x00000000c5700000|  0%| F|  |TAMS 0x00000000c5600000, 0x00000000c5600000| Untracked 
|  47|0x00000000c5700000, 0x00000000c5700000, 0x00000000c5800000|  0%| F|  |TAMS 0x00000000c5700000, 0x00000000c5700000| Untracked 
|  48|0x00000000c5800000, 0x00000000c5800000, 0x00000000c5900000|  0%| F|  |TAMS 0x00000000c5800000, 0x00000000c5800000| Untracked 
|  49|0x00000000c5900000, 0x00000000c5900000, 0x00000000c5a00000|  0%| F|  |TAMS 0x00000000c5900000, 0x00000000c5900000| Untracked 
|  50|0x00000000c5a00000, 0x00000000c5b00000, 0x00000000c5b00000|100%| S|CS|TAMS 0x00000000c5a00000, 0x00000000c5a00000| Complete 
|  51|0x00000000c5b00000, 0x00000000c5c00000, 0x00000000c5c00000|100%| S|CS|TAMS 0x00000000c5b00000, 0x00000000c5b00000| Complete 
|  52|0x00000000c5c00000, 0x00000000c5cecfc8, 0x00000000c5d00000| 92%| E|  |TAMS 0x00000000c5c00000, 0x00000000c5c00000| Complete 
|  53|0x00000000c5d00000, 0x00000000c5e00000, 0x00000000c5e00000|100%| E|CS|TAMS 0x00000000c5d00000, 0x00000000c5d00000| Complete 
|  54|0x00000000c5e00000, 0x00000000c5f00000, 0x00000000c5f00000|100%| E|CS|TAMS 0x00000000c5e00000, 0x00000000c5e00000| Complete 
|  55|0x00000000c5f00000, 0x00000000c6000000, 0x00000000c6000000|100%| E|CS|TAMS 0x00000000c5f00000, 0x00000000c5f00000| Complete 
|  56|0x00000000c6000000, 0x00000000c6100000, 0x00000000c6100000|100%| E|CS|TAMS 0x00000000c6000000, 0x00000000c6000000| Complete 
|  57|0x00000000c6100000, 0x00000000c6200000, 0x00000000c6200000|100%| E|CS|TAMS 0x00000000c6100000, 0x00000000c6100000| Complete 
|  58|0x00000000c6200000, 0x00000000c6300000, 0x00000000c6300000|100%| E|  |TAMS 0x00000000c6200000, 0x00000000c6200000| Complete 
|  59|0x00000000c6300000, 0x00000000c6400000, 0x00000000c6400000|100%| E|CS|TAMS 0x00000000c6300000, 0x00000000c6300000| Complete 
|  60|0x00000000c6400000, 0x00000000c6500000, 0x00000000c6500000|100%| E|CS|TAMS 0x00000000c6400000, 0x00000000c6400000| Complete 
|  61|0x00000000c6500000, 0x00000000c6600000, 0x00000000c6600000|100%| E|CS|TAMS 0x00000000c6500000, 0x00000000c6500000| Complete 

Card table byte_map: [0x00000274141e0000,0x00000274143d0000] _byte_map_base: 0x0000027413bcc000

Marking Bits (Prev, Next): (CMBitMap*) 0x000002741445a0c0, (CMBitMap*) 0x000002741445a100
 Prev Bits: [0x000002742b580000, 0x000002742c4e0000)
 Next Bits: [0x000002742c4e0000, 0x000002742d440000)

Polling page: 0x0000027412260000

Metaspace:

Usage:
  Non-class:     14.42 MB used.
      Class:      1.71 MB used.
       Both:     16.13 MB used.

Virtual space:
  Non-class space:       64.00 MB reserved,      14.50 MB ( 23%) committed,  1 nodes.
      Class space:        1.00 GB reserved,       1.81 MB ( <1%) committed,  1 nodes.
             Both:        1.06 GB reserved,      16.31 MB (  1%) committed. 

Chunk freelists:
   Non-Class:  1.00 MB
       Class:  2.20 MB
        Both:  3.20 MB

MaxMetaspaceSize: unlimited
CompressedClassSpaceSize: 1.00 GB
Initial GC threshold: 21.00 MB
Current GC threshold: 21.00 MB
CDS: on
MetaspaceReclaimPolicy: balanced
 - commit_granule_bytes: 65536.
 - commit_granule_words: 8192.
 - virtual_space_node_default_size: 8388608.
 - enlarge_chunks_in_place: 1.
 - new_chunks_are_fully_committed: 0.
 - uncommit_free_chunks: 1.
 - use_allocation_guard: 0.


Internal statistics:

num_allocs_failed_limit: 0.
num_arena_births: 194.
num_arena_deaths: 0.
num_vsnodes_births: 2.
num_vsnodes_deaths: 0.
num_space_committed: 261.
num_space_uncommitted: 0.
num_chunks_returned_to_freelist: 0.
num_chunks_taken_from_freelist: 390.
num_chunk_merges: 0.
num_chunk_splits: 256.
num_chunks_enlarged: 176.
num_inconsistent_stats: 0.

CodeHeap 'non-profiled nmethods': size=120064Kb used=613Kb max_used=613Kb free=119450Kb
 bounds [0x0000027423e50000, 0x00000274240c0000, 0x000002742b390000]
CodeHeap 'profiled nmethods': size=120000Kb used=3817Kb max_used=3817Kb free=116182Kb
 bounds [0x000002741c390000, 0x000002741c750000, 0x00000274238c0000]
CodeHeap 'non-nmethods': size=5696Kb used=1383Kb max_used=1398Kb free=4312Kb
 bounds [0x00000274238c0000, 0x0000027423b30000, 0x0000027423e50000]
 total_blobs=2625 nmethods=1994 adapters=542
 compilation: enabled
              stopped_count=0, restarted_count=0
 full_count=0

Compilation events (20 events):
Event: 2.248 Thread 0x000002742f7fdfe0 nmethod 1984 0x000002741c747d90 code [0x000002741c747f40, 0x000002741c748118]
Event: 2.248 Thread 0x000002742f7fdfe0 1985       3       sun.security.provider.SHA5::lf_delta0 (20 bytes)
Event: 2.248 Thread 0x000002742f788810 1988       4       sun.security.provider.SHA5::lf_S (11 bytes)
Event: 2.248 Thread 0x000002742f7fdfe0 nmethod 1985 0x000002741c748210 code [0x000002741c7483c0, 0x000002741c748598]
Event: 2.248 Thread 0x000002742f7fdfe0 1986       3       sun.security.provider.SHA5::lf_sigma1 (21 bytes)
Event: 2.248 Thread 0x000002742f7fdfe0 nmethod 1986 0x000002741c748690 code [0x000002741c748860, 0x000002741c748a08]
Event: 2.248 Thread 0x000002742f7fdfe0 1987       3       sun.security.provider.SHA5::lf_ch (13 bytes)
Event: 2.248 Thread 0x000002742f788810 nmethod 1988 0x0000027423ee8790 code [0x0000027423ee8900, 0x0000027423ee8958]
Event: 2.248 Thread 0x000002742f7fdfe0 nmethod 1987 0x000002741c748b10 code [0x000002741c748ca0, 0x000002741c748d98]
Event: 2.249 Thread 0x000002742f7fdfe0 1989       3       sun.security.ssl.SSLExtension::isAvailable (39 bytes)
Event: 2.249 Thread 0x000002742f7fdfe0 nmethod 1989 0x000002741c748e10 code [0x000002741c748fc0, 0x000002741c7491f8]
Event: 2.249 Thread 0x000002742f7fdfe0 1990       3       sun.security.provider.SHA5::lf_sigma0 (21 bytes)
Event: 2.249 Thread 0x000002742f7fdfe0 nmethod 1990 0x000002741c749310 code [0x000002741c7494e0, 0x000002741c749688]
Event: 2.249 Thread 0x000002742f7fdfe0 1991       3       sun.security.provider.SHA5::lf_maj (14 bytes)
Event: 2.249 Thread 0x000002742f7fdfe0 nmethod 1991 0x000002741c749790 code [0x000002741c749920, 0x000002741c749a18]
Event: 2.256 Thread 0x000002742f7fdfe0 1992       3       java.math.BigInteger::valueOf (62 bytes)
Event: 2.256 Thread 0x000002742f7fdfe0 nmethod 1992 0x000002741c749a90 code [0x000002741c749c60, 0x000002741c74a048]
Event: 2.256 Thread 0x000002742f788810 1993       4       sun.security.util.DerValue::<init> (445 bytes)
Event: 2.257 Thread 0x000002742f7fdfe0 1994       3       sun.security.util.BitArray::toByteArray (11 bytes)
Event: 2.257 Thread 0x000002742f7fdfe0 nmethod 1994 0x000002741c74a190 code [0x000002741c74a340, 0x000002741c74a608]

GC Heap History (6 events):
Event: 0.557 GC heap before
{Heap before GC invocations=0 (full 0):
 garbage-first heap   total 63488K, used 6144K [0x00000000c2800000, 0x0000000100000000)
  region size 1024K, 6 young (6144K), 0 survivors (0K)
 Metaspace       used 5169K, committed 5376K, reserved 1114112K
  class space    used 551K, committed 640K, reserved 1048576K
}
Event: 0.573 GC heap after
{Heap after GC invocations=1 (full 0):
 garbage-first heap   total 63488K, used 1999K [0x00000000c2800000, 0x0000000100000000)
  region size 1024K, 1 young (1024K), 1 survivors (1024K)
 Metaspace       used 5169K, committed 5376K, reserved 1114112K
  class space    used 551K, committed 640K, reserved 1048576K
}
Event: 1.175 GC heap before
{Heap before GC invocations=1 (full 0):
 garbage-first heap   total 63488K, used 7119K [0x00000000c2800000, 0x0000000100000000)
  region size 1024K, 6 young (6144K), 1 survivors (1024K)
 Metaspace       used 8644K, committed 8896K, reserved 1114112K
  class space    used 929K, committed 1024K, reserved 1048576K
}
Event: 1.180 GC heap after
{Heap after GC invocations=2 (full 0):
 garbage-first heap   total 63488K, used 3436K [0x00000000c2800000, 0x0000000100000000)
  region size 1024K, 1 young (1024K), 1 survivors (1024K)
 Metaspace       used 8644K, committed 8896K, reserved 1114112K
  class space    used 929K, committed 1024K, reserved 1048576K
}
Event: 1.709 GC heap before
{Heap before GC invocations=2 (full 0):
 garbage-first heap   total 63488K, used 11628K [0x00000000c2800000, 0x0000000100000000)
  region size 1024K, 10 young (10240K), 1 survivors (1024K)
 Metaspace       used 11085K, committed 11328K, reserved 1114112K
  class space    used 1157K, committed 1280K, reserved 1048576K
}
Event: 1.714 GC heap after
{Heap after GC invocations=3 (full 0):
 garbage-first heap   total 63488K, used 4576K [0x00000000c2800000, 0x0000000100000000)
  region size 1024K, 2 young (2048K), 2 survivors (2048K)
 Metaspace       used 11085K, committed 11328K, reserved 1114112K
  class space    used 1157K, committed 1280K, reserved 1048576K
}

Dll operation events (11 events):
Event: 0.015 Loaded shared library C:\Program Files\Java\jdk-19\bin\java.dll
Event: 0.027 Loaded shared library C:\Program Files\Java\jdk-19\bin\jsvml.dll
Event: 0.107 Loaded shared library C:\Program Files\Java\jdk-19\bin\net.dll
Event: 0.109 Loaded shared library C:\Program Files\Java\jdk-19\bin\nio.dll
Event: 0.118 Loaded shared library C:\Program Files\Java\jdk-19\bin\zip.dll
Event: 0.146 Loaded shared library C:\Program Files\Java\jdk-19\bin\jimage.dll
Event: 0.186 Loaded shared library C:\Program Files\Java\jdk-19\bin\awt.dll
Event: 0.983 Loaded shared library C:\Program Files\Java\jdk-19\bin\management.dll
Event: 0.999 Loaded shared library C:\Program Files\Java\jdk-19\bin\management_ext.dll
Event: 1.753 Loaded shared library C:\Program Files\Java\jdk-19\bin\extnet.dll
Event: 2.149 Loaded shared library C:\Program Files\Java\jdk-19\bin\sunmscapi.dll

Deoptimization events (20 events):
Event: 1.966 Thread 0x0000027434b16b20 DEOPT PACKING pc=0x000002741c6dd7be sp=0x0000007f67dfd9d0
Event: 1.966 Thread 0x0000027434b16b20 DEOPT UNPACKING pc=0x0000027423927524 sp=0x0000007f67dfce50 mode 0
Event: 2.003 Thread 0x0000027434f7c980 Uncommon trap: trap_request=0xffffff45 fr.pc=0x0000027423eb88d8 relative=0x00000000000000b8
Event: 2.003 Thread 0x0000027434f7c980 Uncommon trap: reason=unstable_if action=reinterpret pc=0x0000027423eb88d8 method=java.lang.ref.SoftReference.get()Ljava/lang/Object; @ 6 c2
Event: 2.003 Thread 0x0000027434f7c980 DEOPT PACKING pc=0x0000027423eb88d8 sp=0x0000007f67cfc8d0
Event: 2.003 Thread 0x0000027434f7c980 DEOPT UNPACKING pc=0x0000027423926d9d sp=0x0000007f67cfc888 mode 2
Event: 2.022 Thread 0x0000027434f7c980 Uncommon trap: trap_request=0xffffff45 fr.pc=0x0000027423ec14a0 relative=0x0000000000000260
Event: 2.022 Thread 0x0000027434f7c980 Uncommon trap: reason=unstable_if action=reinterpret pc=0x0000027423ec14a0 method=java.lang.StringLatin1.regionMatchesCI([BI[BII)Z @ 72 c2
Event: 2.022 Thread 0x0000027434f7c980 DEOPT PACKING pc=0x0000027423ec14a0 sp=0x0000007f67cfabe0
Event: 2.022 Thread 0x0000027434f7c980 DEOPT UNPACKING pc=0x0000027423926d9d sp=0x0000007f67cfab48 mode 2
Event: 2.066 Thread 0x0000027434f7c980 DEOPT PACKING pc=0x000002741c6c3682 sp=0x0000007f67cfc500
Event: 2.066 Thread 0x0000027434f7c980 DEOPT UNPACKING pc=0x0000027423927524 sp=0x0000007f67cfba10 mode 0
Event: 2.159 Thread 0x0000027434f7c980 Uncommon trap: trap_request=0xffffff45 fr.pc=0x0000027423ed3bbc relative=0x00000000000001fc
Event: 2.159 Thread 0x0000027434f7c980 Uncommon trap: reason=unstable_if action=reinterpret pc=0x0000027423ed3bbc method=java.util.HashMap.putVal(ILjava/lang/Object;Ljava/lang/Object;ZZ)Ljava/lang/Object; @ 162 c2
Event: 2.159 Thread 0x0000027434f7c980 DEOPT PACKING pc=0x0000027423ed3bbc sp=0x0000007f67cfb4b0
Event: 2.159 Thread 0x0000027434f7c980 DEOPT UNPACKING pc=0x0000027423926d9d sp=0x0000007f67cfb3e8 mode 2
Event: 2.256 Thread 0x0000027434f7c440 Uncommon trap: trap_request=0xffffffe4 fr.pc=0x0000027423edd108 relative=0x0000000000000448
Event: 2.256 Thread 0x0000027434f7c440 Uncommon trap: reason=range_check action=make_not_entrant pc=0x0000027423edd108 method=sun.security.util.DerValue.<init>([BIIZZ)V @ 83 c2
Event: 2.256 Thread 0x0000027434f7c440 DEOPT PACKING pc=0x0000027423edd108 sp=0x0000007f67bfd6c0
Event: 2.256 Thread 0x0000027434f7c440 DEOPT UNPACKING pc=0x0000027423926d9d sp=0x0000007f67bfd650 mode 2

Classes loaded (20 events):
Event: 2.253 Loading class sun/security/ssl/ECDHKeyExchange done
Event: 2.253 Loading class sun/security/ssl/ECDHKeyExchange$ECDHEPossessionGenerator
Event: 2.253 Loading class sun/security/ssl/ECDHKeyExchange$ECDHEPossessionGenerator done
Event: 2.253 Loading class sun/security/ssl/ECDHKeyExchange$ECDHKAGenerator
Event: 2.253 Loading class sun/security/ssl/ECDHKeyExchange$ECDHKAGenerator done
Event: 2.254 Loading class sun/security/ssl/ECDHKeyExchange$ECDHEKAGenerator
Event: 2.254 Loading class sun/security/ssl/ECDHKeyExchange$ECDHEKAGenerator done
Event: 2.254 Loading class sun/security/ssl/ECDHKeyExchange$ECDHEXDHKAGenerator
Event: 2.254 Loading class sun/security/ssl/ECDHKeyExchange$ECDHEXDHKAGenerator done
Event: 2.254 Loading class sun/security/ssl/SSLKeyExchange$SSLKeyExECDHERSAOrPSS
Event: 2.254 Loading class sun/security/ssl/SSLKeyExchange$SSLKeyExECDHERSAOrPSS done
Event: 2.254 Loading class sun/security/ssl/X509Authentication
Event: 2.255 Loading class sun/security/ssl/SSLAuthentication
Event: 2.255 Loading class sun/security/ssl/SSLAuthentication done
Event: 2.255 Loading class sun/security/ssl/X509Authentication done
Event: 2.256 Loading class sun/security/ssl/CertificateMessage$T12CertificateMessage
Event: 2.256 Loading class sun/security/ssl/CertificateMessage$T12CertificateMessage done
Event: 2.256 Loading class javax/net/ssl/SSLEngine
Event: 2.257 Loading class javax/net/ssl/SSLEngine done
Event: 2.257 Loading class javax/net/ssl/SSLParameters

Classes unloaded (0 events):
No events

Classes redefined (0 events):
No events

Internal exceptions (20 events):
Event: 1.468 Thread 0x0000027433ec8720 Exception <a 'java/lang/ClassNotFoundException'{0x00000000c614a120}: com/mchange/v2/c3p0/WrapperConnectionPoolDataSourceCustomizer> (0x00000000c614a120) 
thrown [s\open\src\hotspot\share\classfile\systemDictionary.cpp, line 255]
Event: 1.471 Thread 0x0000027433ec8720 Exception <a 'java/lang/ClassNotFoundException'{0x00000000c6160678}: com/mchange/v2/c3p0/DriverManagerDataSourceBeanInfo> (0x00000000c6160678) 
thrown [s\open\src\hotspot\share\classfile\systemDictionary.cpp, line 255]
Event: 1.472 Thread 0x0000027433ec8720 Exception <a 'java/lang/ClassNotFoundException'{0x00000000c61626c0}: com/mchange/v2/c3p0/impl/DriverManagerDataSourceBaseBeanInfo> (0x00000000c61626c0) 
thrown [s\open\src\hotspot\share\classfile\systemDictionary.cpp, line 255]
Event: 1.472 Thread 0x0000027433ec8720 Exception <a 'java/lang/ClassNotFoundException'{0x00000000c61643a8}: com/mchange/v2/c3p0/impl/DriverManagerDataSourceBaseCustomizer> (0x00000000c61643a8) 
thrown [s\open\src\hotspot\share\classfile\systemDictionary.cpp, line 255]
Event: 1.474 Thread 0x0000027433ec8720 Exception <a 'java/lang/ClassNotFoundException'{0x00000000c6179350}: com/mchange/v2/c3p0/DriverManagerDataSourceCustomizer> (0x00000000c6179350) 
thrown [s\open\src\hotspot\share\classfile\systemDictionary.cpp, line 255]
Event: 1.477 Thread 0x0000027433ec8720 Exception <a 'java/lang/NoSuchMethodError'{0x00000000c618db08}: 'int java.lang.invoke.DirectMethodHandle$Holder.invokeVirtual(java.lang.Object, java.lang.Object)'> (0x00000000c618db08) 
thrown [s\open\src\hotspot\share\interpreter\linkResolver.cpp, line 774]
Event: 1.487 Thread 0x0000027433ec8720 Exception <a 'java/lang/ClassNotFoundException'{0x00000000c61c2288}: com/mchange/v2/c3p0/ComboPooledDataSourceBeanInfo> (0x00000000c61c2288) 
thrown [s\open\src\hotspot\share\classfile\systemDictionary.cpp, line 255]
Event: 1.488 Thread 0x0000027433ec8720 Exception <a 'java/lang/ClassNotFoundException'{0x00000000c61c3f18}: com/mchange/v2/c3p0/AbstractComboPooledDataSourceBeanInfo> (0x00000000c61c3f18) 
thrown [s\open\src\hotspot\share\classfile\systemDictionary.cpp, line 255]
Event: 1.488 Thread 0x0000027433ec8720 Exception <a 'java/lang/ClassNotFoundException'{0x00000000c61c5be0}: com/mchange/v2/c3p0/impl/AbstractPoolBackedDataSourceBeanInfo> (0x00000000c61c5be0) 
thrown [s\open\src\hotspot\share\classfile\systemDictionary.cpp, line 255]
Event: 1.488 Thread 0x0000027433ec8720 Exception <a 'java/lang/ClassNotFoundException'{0x00000000c61c7878}: com/mchange/v2/c3p0/impl/PoolBackedDataSourceBaseBeanInfo> (0x00000000c61c7878) 
thrown [s\open\src\hotspot\share\classfile\systemDictionary.cpp, line 255]
Event: 1.488 Thread 0x0000027433ec8720 Exception <a 'java/lang/ClassNotFoundException'{0x00000000c61c94d8}: com/mchange/v2/c3p0/impl/IdentityTokenResolvableBeanInfo> (0x00000000c61c94d8) 
thrown [s\open\src\hotspot\share\classfile\systemDictionary.cpp, line 255]
Event: 1.488 Thread 0x0000027433ec8720 Exception <a 'java/lang/ClassNotFoundException'{0x00000000c61cb4b8}: com/mchange/v2/c3p0/impl/AbstractIdentityTokenizedBeanInfo> (0x00000000c61cb4b8) 
thrown [s\open\src\hotspot\share\classfile\systemDictionary.cpp, line 255]
Event: 1.489 Thread 0x0000027433ec8720 Exception <a 'java/lang/ClassNotFoundException'{0x00000000c61cd150}: com/mchange/v2/c3p0/impl/AbstractIdentityTokenizedCustomizer> (0x00000000c61cd150) 
thrown [s\open\src\hotspot\share\classfile\systemDictionary.cpp, line 255]
Event: 1.489 Thread 0x0000027433ec8720 Exception <a 'java/lang/ClassNotFoundException'{0x00000000c61cfaf0}: com/mchange/v2/c3p0/impl/IdentityTokenResolvableCustomizer> (0x00000000c61cfaf0) 
thrown [s\open\src\hotspot\share\classfile\systemDictionary.cpp, line 255]
Event: 1.489 Thread 0x0000027433ec8720 Exception <a 'java/lang/ClassNotFoundException'{0x00000000c61d21e8}: com/mchange/v2/c3p0/impl/PoolBackedDataSourceBaseCustomizer> (0x00000000c61d21e8) 
thrown [s\open\src\hotspot\share\classfile\systemDictionary.cpp, line 255]
Event: 1.490 Thread 0x0000027433ec8720 Exception <a 'java/lang/ClassNotFoundException'{0x00000000c61e4b20}: com/mchange/v2/c3p0/impl/AbstractPoolBackedDataSourceCustomizer> (0x00000000c61e4b20) 
thrown [s\open\src\hotspot\share\classfile\systemDictionary.cpp, line 255]
Event: 1.497 Thread 0x0000027433ec8720 Exception <a 'java/lang/ClassNotFoundException'{0x00000000c5f316a0}: com/mchange/v2/c3p0/AbstractComboPooledDataSourceCustomizer> (0x00000000c5f316a0) 
thrown [s\open\src\hotspot\share\classfile\systemDictionary.cpp, line 255]
Event: 1.501 Thread 0x0000027433ec8720 Exception <a 'java/lang/ClassNotFoundException'{0x00000000c5f6f4b8}: com/mchange/v2/c3p0/ComboPooledDataSourceCustomizer> (0x00000000c5f6f4b8) 
thrown [s\open\src\hotspot\share\classfile\systemDictionary.cpp, line 255]
Event: 1.627 Thread 0x0000027434f7c980 Exception <a 'java/lang/NoSuchMethodError'{0x00000000c5d6d8e8}: 'java.lang.Object java.lang.invoke.DirectMethodHandle$Holder.invokeVirtual(java.lang.Object, java.lang.Object, java.lang.Object)'> (0x00000000c5d6d8e8) 
thrown [s\open\src\hotspot\share\interpreter\linkResolver.cpp, line 774]
Event: 2.018 Thread 0x0000027434f7c980 Exception <a 'sun/nio/fs/WindowsException'{0x00000000c5d43200}> (0x00000000c5d43200) 
thrown [s\open\src\hotspot\share\prims\jni.cpp, line 517]

VM Operations (20 events):
Event: 0.732 Executing VM operation: HandshakeAllThreads
Event: 0.732 Executing VM operation: HandshakeAllThreads done
Event: 1.013 Executing VM operation: HandshakeAllThreads
Event: 1.013 Executing VM operation: HandshakeAllThreads done
Event: 1.175 Executing VM operation: G1CollectForAllocation
Event: 1.180 Executing VM operation: G1CollectForAllocation done
Event: 1.443 Executing VM operation: HandshakeAllThreads
Event: 1.443 Executing VM operation: HandshakeAllThreads done
Event: 1.553 Executing VM operation: HandshakeAllThreads
Event: 1.553 Executing VM operation: HandshakeAllThreads done
Event: 1.567 Executing VM operation: ICBufferFull
Event: 1.567 Executing VM operation: ICBufferFull done
Event: 1.568 Executing VM operation: ICBufferFull
Event: 1.568 Executing VM operation: ICBufferFull done
Event: 1.709 Executing VM operation: G1CollectForAllocation
Event: 1.714 Executing VM operation: G1CollectForAllocation done
Event: 1.896 Executing VM operation: HandshakeAllThreads
Event: 1.897 Executing VM operation: HandshakeAllThreads done
Event: 2.029 Executing VM operation: HandshakeAllThreads
Event: 2.029 Executing VM operation: HandshakeAllThreads done

Events (20 events):
Event: 0.048 Thread 0x000002742f7828e0 Thread added: 0x000002742f7828e0
Event: 0.048 Thread 0x000002742f783210 Thread added: 0x000002742f783210
Event: 0.048 Thread 0x000002742f788810 Thread added: 0x000002742f788810
Event: 0.049 Thread 0x000002742f7fdfe0 Thread added: 0x000002742f7fdfe0
Event: 0.050 Thread 0x000002742f822d20 Thread added: 0x000002742f822d20
Event: 0.084 Thread 0x0000027433c86770 Thread added: 0x0000027433c86770
Event: 0.089 Thread 0x0000027433c88530 Thread added: 0x0000027433c88530
Event: 0.278 Thread 0x0000027433eb7e20 Thread added: 0x0000027433eb7e20
Event: 0.282 Thread 0x0000027433eb9cf0 Thread added: 0x0000027433eb9cf0
Event: 0.284 Thread 0x0000027433ebc240 Thread added: 0x0000027433ebc240
Event: 0.299 Thread 0x0000027433ec8720 Thread added: 0x0000027433ec8720
Event: 0.299 Thread 0x000002741441a1b0 Thread exited: 0x000002741441a1b0
Event: 0.300 Thread 0x000002741441a1b0 Thread added: 0x000002741441a1b0
Event: 0.524 Thread 0x0000027433f68ad0 Thread added: 0x0000027433f68ad0
Event: 0.691 Thread 0x0000027433f68ad0 Thread exited: 0x0000027433f68ad0
Event: 1.479 Thread 0x0000027433f63020 Thread added: 0x0000027433f63020
Event: 1.484 Thread 0x0000027434f7c440 Thread added: 0x0000027434f7c440
Event: 1.484 Thread 0x0000027434f7c980 Thread added: 0x0000027434f7c980
Event: 1.484 Thread 0x0000027434b16b20 Thread added: 0x0000027434b16b20
Event: 1.547 Thread 0x0000027434b18060 Thread added: 0x0000027434b18060


Dynamic libraries:
0x00007ff71b750000 - 0x00007ff71b760000 	C:\Program Files\Java\jdk-19\bin\javaw.exe
0x00007fff16670000 - 0x00007fff16868000 	C:\Windows\SYSTEM32\ntdll.dll
0x00007fff146b0000 - 0x00007fff1476f000 	C:\Windows\System32\KERNEL32.DLL
0x00007fff142f0000 - 0x00007fff145c2000 	C:\Windows\System32\KERNELBASE.dll
0x00007fff14130000 - 0x00007fff14230000 	C:\Windows\System32\ucrtbase.dll
0x00007fff0f820000 - 0x00007fff0f838000 	C:\Program Files\Java\jdk-19\bin\jli.dll
0x00007fff14910000 - 0x00007fff149be000 	C:\Windows\System32\ADVAPI32.dll
0x00007fff14870000 - 0x00007fff1490e000 	C:\Windows\System32\msvcrt.dll
0x00007fff149c0000 - 0x00007fff14a5c000 	C:\Windows\System32\sechost.dll
0x00007fff14b10000 - 0x00007fff14c35000 	C:\Windows\System32\RPCRT4.dll
0x00007fff15970000 - 0x00007fff15b11000 	C:\Windows\System32\USER32.dll
0x00007fff145d0000 - 0x00007fff145f2000 	C:\Windows\System32\win32u.dll
0x00007fff15150000 - 0x00007fff1517b000 	C:\Windows\System32\GDI32.dll
0x00007fff13d60000 - 0x00007fff13e6f000 	C:\Windows\System32\gdi32full.dll
0x00007fff13ec0000 - 0x00007fff13f5d000 	C:\Windows\System32\msvcp_win.dll
0x00007ffef5b10000 - 0x00007ffef5daa000 	C:\Windows\WinSxS\amd64_microsoft.windows.common-controls_6595b64144ccf1df_6.0.19041.1110_none_60b5254171f9507e\COMCTL32.dll
0x00007fff0d290000 - 0x00007fff0d29a000 	C:\Windows\SYSTEM32\VERSION.dll
0x00007fff0e1c0000 - 0x00007fff0e1db000 	C:\Program Files\Java\jdk-19\bin\VCRUNTIME140.dll
0x00007fff14780000 - 0x00007fff147b2000 	C:\Windows\System32\IMM32.DLL
0x00007fff11640000 - 0x00007fff1164c000 	C:\Program Files\Java\jdk-19\bin\vcruntime140_1.dll
0x00007ffefe9a0000 - 0x00007ffefea2e000 	C:\Program Files\Java\jdk-19\bin\msvcp140.dll
0x00007ffec2400000 - 0x00007ffec30c0000 	C:\Program Files\Java\jdk-19\bin\server\jvm.dll
0x00007fff0e670000 - 0x00007fff0e679000 	C:\Windows\SYSTEM32\WSOCK32.dll
0x00007fff15900000 - 0x00007fff1596b000 	C:\Windows\System32\WS2_32.dll
0x00007ffeffe90000 - 0x00007ffeffeb7000 	C:\Windows\SYSTEM32\WINMM.dll
0x00007fff11c20000 - 0x00007fff11c32000 	C:\Windows\SYSTEM32\kernel.appcore.dll
0x00007fff0e5f0000 - 0x00007fff0e5fa000 	C:\Program Files\Java\jdk-19\bin\jimage.dll
0x00007fff02830000 - 0x00007fff02a14000 	C:\Windows\SYSTEM32\DBGHELP.DLL
0x00007fff02710000 - 0x00007fff02745000 	C:\Windows\SYSTEM32\dbgcore.DLL
0x00007fff14260000 - 0x00007fff142e2000 	C:\Windows\System32\bcryptPrimitives.dll
0x00007fff0cee0000 - 0x00007fff0cf06000 	C:\Program Files\Java\jdk-19\bin\java.dll
0x00007ffef2190000 - 0x00007ffef2267000 	C:\Program Files\Java\jdk-19\bin\jsvml.dll
0x00007fff15b20000 - 0x00007fff16264000 	C:\Windows\System32\SHELL32.dll
0x00007fff11e20000 - 0x00007fff125b2000 	C:\Windows\SYSTEM32\windows.storage.dll
0x00007fff16270000 - 0x00007fff165c5000 	C:\Windows\System32\combase.dll
0x00007fff136e0000 - 0x00007fff13710000 	C:\Windows\SYSTEM32\Wldp.dll
0x00007fff147c0000 - 0x00007fff1486d000 	C:\Windows\System32\SHCORE.dll
0x00007fff14f40000 - 0x00007fff14f95000 	C:\Windows\System32\shlwapi.dll
0x00007fff13ca0000 - 0x00007fff13cbf000 	C:\Windows\SYSTEM32\profapi.dll
0x00007fff0dbf0000 - 0x00007fff0dc03000 	C:\Program Files\Java\jdk-19\bin\net.dll
0x00007fff0b720000 - 0x00007fff0b82c000 	C:\Windows\SYSTEM32\WINHTTP.dll
0x00007fff13440000 - 0x00007fff134aa000 	C:\Windows\system32\mswsock.dll
0x00007fff0bfe0000 - 0x00007fff0bff6000 	C:\Program Files\Java\jdk-19\bin\nio.dll
0x00007fff0bfc0000 - 0x00007fff0bfd8000 	C:\Program Files\Java\jdk-19\bin\zip.dll
0x00007ffedfa00000 - 0x00007ffedfb91000 	C:\Program Files\Java\jdk-19\bin\awt.dll
0x00007fff15180000 - 0x00007fff1524d000 	C:\Windows\System32\OLEAUT32.dll
0x00007fff114e0000 - 0x00007fff11571000 	C:\Windows\SYSTEM32\apphelp.dll
0x00007fff11750000 - 0x00007fff117ee000 	C:\Windows\system32\uxtheme.dll
0x00007fff14e20000 - 0x00007fff14f35000 	C:\Windows\System32\MSCTF.dll
0x00007fff15260000 - 0x00007fff1538a000 	C:\Windows\System32\ole32.dll
0x00007fff11a40000 - 0x00007fff11a6f000 	C:\Windows\system32\DWMAPI.DLL
0x00007ffeef7b0000 - 0x00007ffeef8d5000 	C:\Windows\system32\opengl32.dll
0x00007fff0ccc0000 - 0x00007fff0ccec000 	C:\Windows\SYSTEM32\GLU32.dll
0x00007ffef1cc0000 - 0x00007ffef1cd7000 	C:\Windows\system32\napinsp.dll
0x00007ffef1ca0000 - 0x00007ffef1cbb000 	C:\Windows\system32\pnrpnsp.dll
0x00007fff0e480000 - 0x00007fff0e495000 	C:\Windows\system32\wshbth.dll
0x00007fff0f700000 - 0x00007fff0f71d000 	C:\Windows\system32\NLAapi.dll
0x00007fff13130000 - 0x00007fff1316b000 	C:\Windows\SYSTEM32\IPHLPAPI.DLL
0x00007fff13170000 - 0x00007fff1323a000 	C:\Windows\SYSTEM32\DNSAPI.dll
0x00007fff14770000 - 0x00007fff14778000 	C:\Windows\System32\NSI.dll
0x00007ffef1c80000 - 0x00007ffef1c92000 	C:\Windows\System32\winrnr.dll
0x00007fff04480000 - 0x00007fff0448a000 	C:\Windows\System32\rasadhlp.dll
0x00007fff04400000 - 0x00007fff04480000 	C:\Windows\System32\fwpuclnt.dll
0x00007fff14230000 - 0x00007fff14257000 	C:\Windows\System32\bcrypt.dll
0x00007fff13630000 - 0x00007fff13648000 	C:\Windows\SYSTEM32\CRYPTSP.dll
0x00007fff12d60000 - 0x00007fff12d94000 	C:\Windows\system32\rsaenh.dll
0x00007fff13c60000 - 0x00007fff13c8e000 	C:\Windows\SYSTEM32\USERENV.dll
0x00007fff13650000 - 0x00007fff1365c000 	C:\Windows\SYSTEM32\CRYPTBASE.dll
0x00007fff0c370000 - 0x00007fff0c387000 	C:\Windows\SYSTEM32\dhcpcsvc6.DLL
0x00007fff0d2a0000 - 0x00007fff0d2bd000 	C:\Windows\SYSTEM32\dhcpcsvc.DLL
0x00007fff0f810000 - 0x00007fff0f81a000 	C:\Program Files\Java\jdk-19\bin\management.dll
0x00007fff0e640000 - 0x00007fff0e64b000 	C:\Program Files\Java\jdk-19\bin\management_ext.dll
0x00007fff14ca0000 - 0x00007fff14ca8000 	C:\Windows\System32\PSAPI.DLL
0x00007fff0dc50000 - 0x00007fff0dc58000 	C:\Program Files\Java\jdk-19\bin\extnet.dll
0x00007fff0dca0000 - 0x00007fff0dcae000 	C:\Program Files\Java\jdk-19\bin\sunmscapi.dll
0x00007fff13f60000 - 0x00007fff140b6000 	C:\Windows\System32\CRYPT32.dll
0x00007fff13750000 - 0x00007fff13777000 	C:\Windows\SYSTEM32\ncrypt.dll
0x00007fff13710000 - 0x00007fff1374b000 	C:\Windows\SYSTEM32\NTASN1.dll

dbghelp: loaded successfully - version: 4.0.5 - missing functions: none
symbol engine: initialized successfully - sym options: 0x614 - pdb path: .;C:\Program Files\Java\jdk-19\bin;C:\Windows\SYSTEM32;C:\Windows\WinSxS\amd64_microsoft.windows.common-controls_6595b64144ccf1df_6.0.19041.1110_none_60b5254171f9507e;C:\Program Files\Java\jdk-19\bin\server

VM Arguments:
jvm_args: -Dfile.encoding=UTF-8 -XX:+ShowCodeDetailsInExceptionMessages 
java_command: views.RegistroHuesped
java_class_path (initial): C:\Users\maatr\Desktop\challenge-one-alura-hotel-latam-repositorio-base\bin;C:\Users\maatr\Desktop\challenge-one-alura-hotel-latam-repositorio-base\JARS\c3p0-0.9.5.4.jar;C:\Users\maatr\Desktop\challenge-one-alura-hotel-latam-repositorio-base\JARS\jcalendar-1.4.jar;C:\Users\maatr\Desktop\challenge-one-alura-hotel-latam-repositorio-base\JARS\mchange-commons-java-0.2.16.jar;C:\Users\maatr\Desktop\challenge-one-alura-hotel-latam-repositorio-base\JARS\mysql-connector-java-8.0.17.jar;C:\Program Files (x86)\MySQL\mysql-connector-java-8.0.11.jar
Launcher Type: SUN_STANDARD

[Global flags]
     intx CICompilerCount                          = 2                                         {product} {ergonomic}
     uint ConcGCThreads                            = 1                                         {product} {ergonomic}
     uint G1ConcRefinementThreads                  = 2                                         {product} {ergonomic}
   size_t G1HeapRegionSize                         = 1048576                                   {product} {ergonomic}
    uintx GCDrainStackTargetSize                   = 64                                        {product} {ergonomic}
   size_t InitialHeapSize                          = 65011712                                  {product} {ergonomic}
   size_t MarkStackSize                            = 4194304                                   {product} {ergonomic}
   size_t MaxHeapSize                              = 1031798784                                {product} {ergonomic}
   size_t MaxNewSize                               = 618659840                                 {product} {ergonomic}
   size_t MinHeapDeltaBytes                        = 1048576                                   {product} {ergonomic}
   size_t MinHeapSize                              = 8388608                                   {product} {ergonomic}
    uintx NonNMethodCodeHeapSize                   = 5826188                                {pd product} {ergonomic}
    uintx NonProfiledCodeHeapSize                  = 122916026                              {pd product} {ergonomic}
    uintx ProfiledCodeHeapSize                     = 122916026                              {pd product} {ergonomic}
    uintx ReservedCodeCacheSize                    = 251658240                              {pd product} {ergonomic}
     bool SegmentedCodeCache                       = true                                      {product} {ergonomic}
     bool ShowCodeDetailsInExceptionMessages       = true                                   {manageable} {command line}
   size_t SoftMaxHeapSize                          = 1031798784                             {manageable} {ergonomic}
     bool UseCompressedClassPointers               = true                           {product lp64_product} {ergonomic}
     bool UseCompressedOops                        = true                           {product lp64_product} {ergonomic}
     bool UseG1GC                                  = true                                      {product} {ergonomic}
     bool UseLargePagesIndividualAllocation        = false                                  {pd product} {ergonomic}

Logging:
Log output configuration:
 #0: stdout all=warning uptime,level,tags foldmultilines=false
 #1: stderr all=off uptime,level,tags foldmultilines=false

Environment Variables:
JAVA_HOME=C:\Program Files\Java\jdk-19\bin
PATH=C:\Program Files\Common Files\Oracle\Java\javapath;C:\Program Files\nodejs;C:\Windows\system32;C:\Windows;C:\Windows\System32\WindowsPowerShell\v1.0\;C:\Windows\System32\OpenSSH\;C:\Program Files\Git\cmd;C:\Program Files\MySQL\MySQL Shell 8.0\bin\;C:\Windows\system32;C:\Users\maatr\AppData\Local\Packages\PythonSoftwareFoundation.Python.3.10_qbz5n2kfra8p0\LocalCache\local-packages\Python310\Scripts;C:\Users\maatr\AppData\Local\Microsoft\WindowsApps;C:\Users\maatr\AppData\Local\Programs\Microsoft VS Code\bin;C:\Users\maatr\AppData\Roaming\npm;C:\Program Files\heroku\bin;
USERNAME=maatr
OS=Windows_NT
PROCESSOR_IDENTIFIER=Intel64 Family 6 Model 156 Stepping 0, GenuineIntel
TMP=C:\Users\maatr\AppData\Local\Temp
TEMP=C:\Users\maatr\AppData\Local\Temp



---------------  S Y S T E M  ---------------

OS:
 Windows 10 , 64 bit Build 19041 (10.0.19041.2364)
OS uptime: 1 days 5:51 hours

CPU: total 2 (initial active 2) (2 cores per cpu, 1 threads per core) family 6 model 156 stepping 0 microcode 0x24000014, cx8, cmov, fxsr, mmx, 3dnowpref, sse, sse2, sse3, ssse3, sse4.1, sse4.2, popcnt, tsc, tscinvbit, aes, erms, clmul, sha, clflush, clflushopt, clwb, rdtscp, rdpid

Memory: 4k page, system-wide physical 3933M (292M free)
TotalPageFile size 11240M (AvailPageFile size 4M)
current process WorkingSet (physical memory assigned to process): 88M, peak: 88M
current process commit charge ("private bytes"): 161M, peak: 161M

vm_info: Java HotSpot(TM) 64-Bit Server VM (19.0.1+10-21) for windows-amd64 JRE (19.0.1+10-21), built on 2022-09-14T12:45:06Z by "mach5one" with MS VC++ 17.1 (VS2022)

END.
